{"C:\\Users\\a22angelrc\\Pictures\\Meteo (2)\\Meteo\\Meteo\\src\\descripciontiempo.js": {"path":"C:\\Users\\a22angelrc\\Pictures\\Meteo (2)\\Meteo\\Meteo\\src\\descripciontiempo.js","statementMap":{"0":{"start":{"line":1,"column":26},"end":{"line":11,"column":3}},"1":{"start":{"line":12,"column":0},"end":{"line":12,"column":35}}},"fnMap":{},"branchMap":{},"s":{"0":1,"1":1},"f":{},"b":{},"_coverageSchema":"1a1c01bbd47fc00a2c39e90264f33305004495a9","hash":"db4fd1a4f414acfa6bfad3ffb1ce409936491d58"}
,"C:\\Users\\a22angelrc\\Pictures\\Meteo (2)\\Meteo\\Meteo\\src\\tiempo.js": {"path":"C:\\Users\\a22angelrc\\Pictures\\Meteo (2)\\Meteo\\Meteo\\src\\tiempo.js","statementMap":{"0":{"start":{"line":1,"column":14},"end":{"line":1,"column":35}},"1":{"start":{"line":2,"column":28},"end":{"line":2,"column":63}},"2":{"start":{"line":4,"column":30},"end":{"line":13,"column":1}},"3":{"start":{"line":5,"column":2},"end":{"line":12,"column":3}},"4":{"start":{"line":6,"column":19},"end":{"line":6,"column":122}},"5":{"start":{"line":7,"column":25},"end":{"line":7,"column":44}},"6":{"start":{"line":8,"column":18},"end":{"line":8,"column":43}},"7":{"start":{"line":9,"column":4},"end":{"line":9,"column":35}},"8":{"start":{"line":11,"column":4},"end":{"line":11,"column":77}},"9":{"start":{"line":15,"column":32},"end":{"line":30,"column":1}},"10":{"start":{"line":16,"column":2},"end":{"line":19,"column":3}},"11":{"start":{"line":17,"column":4},"end":{"line":17,"column":58}},"12":{"start":{"line":18,"column":4},"end":{"line":18,"column":11}},"13":{"start":{"line":21,"column":22},"end":{"line":21,"column":67}},"14":{"start":{"line":22,"column":2},"end":{"line":22,"column":43}},"15":{"start":{"line":24,"column":26},"end":{"line":24,"column":71}},"16":{"start":{"line":25,"column":2},"end":{"line":25,"column":56}},"17":{"start":{"line":27,"column":32},"end":{"line":27,"column":71}},"18":{"start":{"line":28,"column":26},"end":{"line":28,"column":71}},"19":{"start":{"line":29,"column":2},"end":{"line":29,"column":86}},"20":{"start":{"line":33,"column":2},"end":{"line":65,"column":3}},"21":{"start":{"line":34,"column":4},"end":{"line":34,"column":25}},"22":{"start":{"line":36,"column":4},"end":{"line":64,"column":5}},"23":{"start":{"line":37,"column":6},"end":{"line":37,"column":21}},"24":{"start":{"line":39,"column":6},"end":{"line":63,"column":7}},"25":{"start":{"line":40,"column":8},"end":{"line":40,"column":25}},"26":{"start":{"line":42,"column":8},"end":{"line":62,"column":9}},"27":{"start":{"line":43,"column":10},"end":{"line":43,"column":24}},"28":{"start":{"line":45,"column":10},"end":{"line":61,"column":11}},"29":{"start":{"line":46,"column":12},"end":{"line":46,"column":29}},"30":{"start":{"line":48,"column":12},"end":{"line":60,"column":13}},"31":{"start":{"line":49,"column":14},"end":{"line":49,"column":27}},"32":{"start":{"line":51,"column":14},"end":{"line":59,"column":15}},"33":{"start":{"line":52,"column":16},"end":{"line":52,"column":34}},"34":{"start":{"line":54,"column":16},"end":{"line":58,"column":17}},"35":{"start":{"line":55,"column":18},"end":{"line":55,"column":33}},"36":{"start":{"line":57,"column":18},"end":{"line":57,"column":36}},"37":{"start":{"line":67,"column":0},"end":{"line":67,"column":67}}},"fnMap":{"0":{"name":"(anonymous_0)","decl":{"start":{"line":4,"column":30},"end":{"line":4,"column":31}},"loc":{"start":{"line":4,"column":59},"end":{"line":13,"column":1}},"line":4},"1":{"name":"(anonymous_1)","decl":{"start":{"line":15,"column":32},"end":{"line":15,"column":33}},"loc":{"start":{"line":15,"column":47},"end":{"line":30,"column":1}},"line":15},"2":{"name":"procesaDireccionViento","decl":{"start":{"line":32,"column":9},"end":{"line":32,"column":31}},"loc":{"start":{"line":32,"column":40},"end":{"line":66,"column":1}},"line":32}},"branchMap":{"0":{"loc":{"start":{"line":16,"column":2},"end":{"line":19,"column":3}},"type":"if","locations":[{"start":{"line":16,"column":2},"end":{"line":19,"column":3}},{"start":{},"end":{}}],"line":16},"1":{"loc":{"start":{"line":33,"column":2},"end":{"line":65,"column":3}},"type":"if","locations":[{"start":{"line":33,"column":2},"end":{"line":65,"column":3}},{"start":{"line":35,"column":9},"end":{"line":65,"column":3}}],"line":33},"2":{"loc":{"start":{"line":33,"column":6},"end":{"line":33,"column":33}},"type":"binary-expr","locations":[{"start":{"line":33,"column":6},"end":{"line":33,"column":16}},{"start":{"line":33,"column":20},"end":{"line":33,"column":33}}],"line":33},"3":{"loc":{"start":{"line":36,"column":4},"end":{"line":64,"column":5}},"type":"if","locations":[{"start":{"line":36,"column":4},"end":{"line":64,"column":5}},{"start":{"line":38,"column":11},"end":{"line":64,"column":5}}],"line":36},"4":{"loc":{"start":{"line":36,"column":8},"end":{"line":36,"column":40}},"type":"binary-expr","locations":[{"start":{"line":36,"column":8},"end":{"line":36,"column":23}},{"start":{"line":36,"column":27},"end":{"line":36,"column":40}}],"line":36},"5":{"loc":{"start":{"line":39,"column":6},"end":{"line":63,"column":7}},"type":"if","locations":[{"start":{"line":39,"column":6},"end":{"line":63,"column":7}},{"start":{"line":41,"column":13},"end":{"line":63,"column":7}}],"line":39},"6":{"loc":{"start":{"line":39,"column":10},"end":{"line":39,"column":41}},"type":"binary-expr","locations":[{"start":{"line":39,"column":10},"end":{"line":39,"column":24}},{"start":{"line":39,"column":28},"end":{"line":39,"column":41}}],"line":39},"7":{"loc":{"start":{"line":42,"column":8},"end":{"line":62,"column":9}},"type":"if","locations":[{"start":{"line":42,"column":8},"end":{"line":62,"column":9}},{"start":{"line":44,"column":15},"end":{"line":62,"column":9}}],"line":42},"8":{"loc":{"start":{"line":42,"column":12},"end":{"line":42,"column":44}},"type":"binary-expr","locations":[{"start":{"line":42,"column":12},"end":{"line":42,"column":26}},{"start":{"line":42,"column":30},"end":{"line":42,"column":44}}],"line":42},"9":{"loc":{"start":{"line":45,"column":10},"end":{"line":61,"column":11}},"type":"if","locations":[{"start":{"line":45,"column":10},"end":{"line":61,"column":11}},{"start":{"line":47,"column":17},"end":{"line":61,"column":11}}],"line":45},"10":{"loc":{"start":{"line":45,"column":14},"end":{"line":45,"column":47}},"type":"binary-expr","locations":[{"start":{"line":45,"column":14},"end":{"line":45,"column":29}},{"start":{"line":45,"column":33},"end":{"line":45,"column":47}}],"line":45},"11":{"loc":{"start":{"line":48,"column":12},"end":{"line":60,"column":13}},"type":"if","locations":[{"start":{"line":48,"column":12},"end":{"line":60,"column":13}},{"start":{"line":50,"column":19},"end":{"line":60,"column":13}}],"line":48},"12":{"loc":{"start":{"line":48,"column":16},"end":{"line":48,"column":49}},"type":"binary-expr","locations":[{"start":{"line":48,"column":16},"end":{"line":48,"column":31}},{"start":{"line":48,"column":35},"end":{"line":48,"column":49}}],"line":48},"13":{"loc":{"start":{"line":51,"column":14},"end":{"line":59,"column":15}},"type":"if","locations":[{"start":{"line":51,"column":14},"end":{"line":59,"column":15}},{"start":{"line":53,"column":21},"end":{"line":59,"column":15}}],"line":51},"14":{"loc":{"start":{"line":51,"column":18},"end":{"line":51,"column":51}},"type":"binary-expr","locations":[{"start":{"line":51,"column":18},"end":{"line":51,"column":33}},{"start":{"line":51,"column":37},"end":{"line":51,"column":51}}],"line":51},"15":{"loc":{"start":{"line":54,"column":16},"end":{"line":58,"column":17}},"type":"if","locations":[{"start":{"line":54,"column":16},"end":{"line":58,"column":17}},{"start":{"line":56,"column":23},"end":{"line":58,"column":17}}],"line":54},"16":{"loc":{"start":{"line":54,"column":20},"end":{"line":54,"column":53}},"type":"binary-expr","locations":[{"start":{"line":54,"column":20},"end":{"line":54,"column":35}},{"start":{"line":54,"column":39},"end":{"line":54,"column":53}}],"line":54}},"s":{"0":1,"1":1,"2":1,"3":3,"4":3,"5":3,"6":2,"7":2,"8":1,"9":1,"10":2,"11":1,"12":1,"13":1,"14":1,"15":1,"16":1,"17":1,"18":1,"19":1,"20":13,"21":2,"22":11,"23":2,"24":9,"25":2,"26":7,"27":2,"28":5,"29":1,"30":4,"31":1,"32":3,"33":1,"34":2,"35":1,"36":1,"37":1},"f":{"0":3,"1":2,"2":13},"b":{"0":[1,1],"1":[2,11],"2":[13,12],"3":[2,9],"4":[11,11],"5":[2,7],"6":[9,9],"7":[2,5],"8":[7,7],"9":[1,4],"10":[5,5],"11":[1,3],"12":[4,4],"13":[1,2],"14":[3,3],"15":[1,1],"16":[2,2]},"_coverageSchema":"1a1c01bbd47fc00a2c39e90264f33305004495a9","hash":"1043869d1d34fd0740e4c303e7249d4b856ea4a0"}
}
