TN:
SF:src\descripciontiempo.js
FNF:0
FNH:0
DA:1,1
DA:12,1
LF:2
LH:2
BRF:0
BRH:0
end_of_record
TN:
SF:src\tiempo.js
FN:4,(anonymous_0)
FN:15,(anonymous_1)
FN:32,procesaDireccionViento
FNF:3
FNH:3
FNDA:3,(anonymous_0)
FNDA:2,(anonymous_1)
FNDA:13,procesaDireccionViento
DA:1,1
DA:2,1
DA:4,1
DA:5,3
DA:6,3
DA:7,3
DA:8,2
DA:9,2
DA:11,1
DA:15,1
DA:16,2
DA:17,1
DA:18,1
DA:21,1
DA:22,1
DA:24,1
DA:25,1
DA:27,1
DA:28,1
DA:29,1
DA:33,13
DA:34,2
DA:36,11
DA:37,2
DA:39,9
DA:40,2
DA:42,7
DA:43,2
DA:45,5
DA:46,1
DA:48,4
DA:49,1
DA:51,3
DA:52,1
DA:54,2
DA:55,1
DA:57,1
DA:67,1
LF:38
LH:38
BRDA:16,0,0,1
BRDA:16,0,1,1
BRDA:33,1,0,2
BRDA:33,1,1,11
BRDA:33,2,0,13
BRDA:33,2,1,12
BRDA:36,3,0,2
BRDA:36,3,1,9
BRDA:36,4,0,11
BRDA:36,4,1,11
BRDA:39,5,0,2
BRDA:39,5,1,7
BRDA:39,6,0,9
BRDA:39,6,1,9
BRDA:42,7,0,2
BRDA:42,7,1,5
BRDA:42,8,0,7
BRDA:42,8,1,7
BRDA:45,9,0,1
BRDA:45,9,1,4
BRDA:45,10,0,5
BRDA:45,10,1,5
BRDA:48,11,0,1
BRDA:48,11,1,3
BRDA:48,12,0,4
BRDA:48,12,1,4
BRDA:51,13,0,1
BRDA:51,13,1,2
BRDA:51,14,0,3
BRDA:51,14,1,3
BRDA:54,15,0,1
BRDA:54,15,1,1
BRDA:54,16,0,2
BRDA:54,16,1,2
BRF:34
BRH:34
end_of_record
